02 10, 2021 23:27:33 下午 com.go.diytomcat.Bootstrap logJVM
INFO : Server version:		How2J DiyTomcat/1.0.1
02 10, 2021 23:27:33 下午 com.go.diytomcat.Bootstrap logJVM
INFO : Server built:		2020-04-08 10:20:22
02 10, 2021 23:27:33 下午 com.go.diytomcat.Bootstrap logJVM
INFO : Server number:		1.0.1
02 10, 2021 23:27:33 下午 com.go.diytomcat.Bootstrap logJVM
INFO : OS Name	:		Windows 10
02 10, 2021 23:27:33 下午 com.go.diytomcat.Bootstrap logJVM
INFO : OS Version:		10.0
02 10, 2021 23:27:33 下午 com.go.diytomcat.Bootstrap logJVM
INFO : Architecture:		amd64
02 10, 2021 23:27:33 下午 com.go.diytomcat.Bootstrap logJVM
INFO : Java Home:		E:\program_software\jdk14
02 10, 2021 23:27:33 下午 com.go.diytomcat.Bootstrap logJVM
INFO : JVM Version:		14+36-1461
02 10, 2021 23:27:33 下午 com.go.diytomcat.Bootstrap logJVM
INFO : JVM Vendor:		Oracle Corporation
02 10, 2021 23:27:40 下午 com.go.diytomcat.Bootstrap logJVM
INFO : Server version:		How2J DiyTomcat/1.0.1
02 10, 2021 23:27:40 下午 com.go.diytomcat.Bootstrap logJVM
INFO : Server built:		2020-04-08 10:20:22
02 10, 2021 23:27:40 下午 com.go.diytomcat.Bootstrap logJVM
INFO : Server number:		1.0.1
02 10, 2021 23:27:40 下午 com.go.diytomcat.Bootstrap logJVM
INFO : OS Name	:		Windows 10
02 10, 2021 23:27:40 下午 com.go.diytomcat.Bootstrap logJVM
INFO : OS Version:		10.0
02 10, 2021 23:27:40 下午 com.go.diytomcat.Bootstrap logJVM
INFO : Architecture:		amd64
02 10, 2021 23:27:40 下午 com.go.diytomcat.Bootstrap logJVM
INFO : Java Home:		E:\program_software\jdk14
02 10, 2021 23:27:40 下午 com.go.diytomcat.Bootstrap logJVM
INFO : JVM Version:		14+36-1461
02 10, 2021 23:27:40 下午 com.go.diytomcat.Bootstrap logJVM
INFO : JVM Vendor:		Oracle Corporation
02 10, 2021 23:29:50 下午 com.go.diytomcat.Bootstrap logJVM
INFO : Server version:		How2J DiyTomcat/1.0.1
02 10, 2021 23:29:50 下午 com.go.diytomcat.Bootstrap logJVM
INFO : Server built:		2020-04-08 10:20:22
02 10, 2021 23:29:50 下午 com.go.diytomcat.Bootstrap logJVM
INFO : Server number:		1.0.1
02 10, 2021 23:29:50 下午 com.go.diytomcat.Bootstrap logJVM
INFO : OS Name	:		Windows 10
02 10, 2021 23:29:50 下午 com.go.diytomcat.Bootstrap logJVM
INFO : OS Version:		10.0
02 10, 2021 23:29:50 下午 com.go.diytomcat.Bootstrap logJVM
INFO : Architecture:		amd64
02 10, 2021 23:29:50 下午 com.go.diytomcat.Bootstrap logJVM
INFO : Java Home:		E:\program_software\jdk14
02 10, 2021 23:29:50 下午 com.go.diytomcat.Bootstrap logJVM
INFO : JVM Version:		14+36-1461
02 10, 2021 23:29:50 下午 com.go.diytomcat.Bootstrap logJVM
INFO : JVM Vendor:		Oracle Corporation
